# JRE version: Java(TM) SE Runtime Environment (8.0_11-b12) (build 1.8.0_11-b12)
# Java VM: Java HotSpot(TM) 64-Bit Server VM (25.11-b03 mixed mode windows-amd64 compressed oops)
Heap:
 PSYoungGen      total 172032K, used 91467K [0x00000000d5580000, 0x00000000e6200000, 0x0000000100000000)
  eden space 85504K, 44% used [0x00000000d5580000,0x00000000d7ad9f68,0x00000000da900000)
  from space 86528K, 61% used [0x00000000da900000,0x00000000ddcf8fb0,0x00000000dfd80000)
  to   space 88064K, 0% used [0x00000000e0c00000,0x00000000e0c00000,0x00000000e6200000)
 ParOldGen       total 77312K, used 68608K [0x0000000080000000, 0x0000000084b80000, 0x00000000d5580000)
  object space 77312K, 88% used [0x0000000080000000,0x00000000843003f8,0x0000000084b80000)
 Metaspace       used 68190K, capacity 71570K, committed 71808K, reserved 1112064K
  class space    used 9174K, capacity 9788K, committed 9856K, reserved 1048576K
GC Heap History (10 events):
Event: 4980.507 GC heap before
{Heap before GC invocations=58 (full 6):
 PSYoungGen      total 125440K, used 125431K [0x00000000d5580000, 0x00000000e1e80000, 0x0000000100000000)
  eden space 75264K, 100% used [0x00000000d5580000,0x00000000d9f00000,0x00000000d9f00000)
  from space 50176K, 99% used [0x00000000d9f00000,0x00000000dcffdef0,0x00000000dd000000)
  to   space 58880K, 0% used [0x00000000de500000,0x00000000de500000,0x00000000e1e80000)
 ParOldGen       total 59904K, used 50553K [0x0000000080000000, 0x0000000083a80000, 0x00000000d5580000)
  object space 59904K, 84% used [0x0000000080000000,0x000000008315e4b0,0x0000000083a80000)
 Metaspace       used 68117K, capacity 71570K, committed 71808K, reserved 1112064K
  class space    used 9174K, capacity 9788K, committed 9856K, reserved 1048576K
Event: 4980.631 GC heap after
Heap after GC invocations=58 (full 6):
 PSYoungGen      total 137728K, used 58709K [0x00000000d5580000, 0x00000000e3180000, 0x0000000100000000)
  eden space 78848K, 0% used [0x00000000d5580000,0x00000000d5580000,0x00000000da280000)
  from space 58880K, 99% used [0x00000000de500000,0x00000000e1e55640,0x00000000e1e80000)
  to   space 68096K, 0% used [0x00000000da280000,0x00000000da280000,0x00000000de500000)
 ParOldGen       total 59904K, used 50857K [0x0000000080000000, 0x0000000083a80000, 0x00000000d5580000)
  object space 59904K, 84% used [0x0000000080000000,0x00000000831aa4b0,0x0000000083a80000)
 Metaspace       used 68117K, capacity 71570K, committed 71808K, reserved 1112064K
  class space    used 9174K, capacity 9788K, committed 9856K, reserved 1048576K
}
Event: 4980.920 GC heap before
{Heap before GC invocations=59 (full 6):
 PSYoungGen      total 137728K, used 137557K [0x00000000d5580000, 0x00000000e3180000, 0x0000000100000000)
  eden space 78848K, 100% used [0x00000000d5580000,0x00000000da280000,0x00000000da280000)
  from space 58880K, 99% used [0x00000000de500000,0x00000000e1e55640,0x00000000e1e80000)
  to   space 68096K, 0% used [0x00000000da280000,0x00000000da280000,0x00000000de500000)
 ParOldGen       total 59904K, used 50857K [0x0000000080000000, 0x0000000083a80000, 0x00000000d5580000)
  object space 59904K, 84% used [0x0000000080000000,0x00000000831aa4b0,0x0000000083a80000)
 Metaspace       used 68166K, capacity 71570K, committed 71808K, reserved 1112064K
  class space    used 9174K, capacity 9788K, committed 9856K, reserved 1048576K
Event: 4980.995 GC heap after
Heap after GC invocations=59 (full 6):
 PSYoungGen      total 146944K, used 65756K [0x00000000d5580000, 0x00000000e4a00000, 0x0000000100000000)
  eden space 78848K, 0% used [0x00000000d5580000,0x00000000d5580000,0x00000000da280000)
  from space 68096K, 96% used [0x00000000da280000,0x00000000de2b7380,0x00000000de500000)
  to   space 78336K, 0% used [0x00000000dfd80000,0x00000000dfd80000,0x00000000e4a00000)
 ParOldGen       total 59904K, used 51145K [0x0000000080000000, 0x0000000083a80000, 0x00000000d5580000)
  object space 59904K, 85% used [0x0000000080000000,0x00000000831f2590,0x0000000083a80000)
 Metaspace       used 68166K, capacity 71570K, committed 71808K, reserved 1112064K
  class space    used 9174K, capacity 9788K, committed 9856K, reserved 1048576K
}
Event: 4981.238 GC heap before
{Heap before GC invocations=60 (full 6):
 PSYoungGen      total 146944K, used 144604K [0x00000000d5580000, 0x00000000e4a00000, 0x0000000100000000)
  eden space 78848K, 100% used [0x00000000d5580000,0x00000000da280000,0x00000000da280000)
  from space 68096K, 96% used [0x00000000da280000,0x00000000de2b7380,0x00000000de500000)
  to   space 78336K, 0% used [0x00000000dfd80000,0x00000000dfd80000,0x00000000e4a00000)
 ParOldGen       total 59904K, used 51145K [0x0000000080000000, 0x0000000083a80000, 0x00000000d5580000)
  object space 59904K, 85% used [0x0000000080000000,0x00000000831f2590,0x0000000083a80000)
 Metaspace       used 68168K, capacity 71570K, committed 71808K, reserved 1112064K
  class space    used 9174K, capacity 9788K, committed 9856K, reserved 1048576K
Event: 4981.336 GC heap after
Heap after GC invocations=60 (full 6):
 PSYoungGen      total 163840K, used 67548K [0x00000000d5580000, 0x00000000e5a00000, 0x0000000100000000)
  eden space 85504K, 0% used [0x00000000d5580000,0x00000000d5580000,0x00000000da900000)
  from space 78336K, 86% used [0x00000000dfd80000,0x00000000e3f77228,0x00000000e4a00000)
  to   space 86528K, 0% used [0x00000000da900000,0x00000000da900000,0x00000000dfd80000)
 ParOldGen       total 59904K, used 59770K [0x0000000080000000, 0x0000000083a80000, 0x00000000d5580000)
  object space 59904K, 99% used [0x0000000080000000,0x0000000083a5eb88,0x0000000083a80000)
 Metaspace       used 68168K, capacity 71570K, committed 71808K, reserved 1112064K
  class space    used 9174K, capacity 9788K, committed 9856K, reserved 1048576K
}
Event: 4981.336 GC heap before
{Heap before GC invocations=61 (full 7):
 PSYoungGen      total 163840K, used 67548K [0x00000000d5580000, 0x00000000e5a00000, 0x0000000100000000)
  eden space 85504K, 0% used [0x00000000d5580000,0x00000000d5580000,0x00000000da900000)
  from space 78336K, 86% used [0x00000000dfd80000,0x00000000e3f77228,0x00000000e4a00000)
  to   space 86528K, 0% used [0x00000000da900000,0x00000000da900000,0x00000000dfd80000)
 ParOldGen       total 59904K, used 59770K [0x0000000080000000, 0x0000000083a80000, 0x00000000d5580000)
  object space 59904K, 99% used [0x0000000080000000,0x0000000083a5eb88,0x0000000083a80000)
 Metaspace       used 68168K, capacity 71570K, committed 71808K, reserved 1112064K
  class space    used 9174K, capacity 9788K, committed 9856K, reserved 1048576K
Event: 4982.191 GC heap after
Heap after GC invocations=61 (full 7):
 PSYoungGen      total 163840K, used 51192K [0x00000000d5580000, 0x00000000e5a00000, 0x0000000100000000)
  eden space 85504K, 0% used [0x00000000d5580000,0x00000000d5580000,0x00000000da900000)
  from space 78336K, 65% used [0x00000000dfd80000,0x00000000e2f7e2b0,0x00000000e4a00000)
  to   space 86528K, 0% used [0x00000000da900000,0x00000000da900000,0x00000000dfd80000)
 ParOldGen       total 77312K, used 59798K [0x0000000080000000, 0x0000000084b80000, 0x00000000d5580000)
  object space 77312K, 77% used [0x0000000080000000,0x0000000083a65bc0,0x0000000084b80000)
 Metaspace       used 68168K, capacity 71570K, committed 71808K, reserved 1112064K
  class space    used 9174K, capacity 9788K, committed 9856K, reserved 1048576K
}
Event: 4982.500 GC heap before
{Heap before GC invocations=62 (full 7):
 PSYoungGen      total 163840K, used 136696K [0x00000000d5580000, 0x00000000e5a00000, 0x0000000100000000)
  eden space 85504K, 100% used [0x00000000d5580000,0x00000000da900000,0x00000000da900000)
  from space 78336K, 65% used [0x00000000dfd80000,0x00000000e2f7e2b0,0x00000000e4a00000)
  to   space 86528K, 0% used [0x00000000da900000,0x00000000da900000,0x00000000dfd80000)
 ParOldGen       total 77312K, used 59798K [0x0000000080000000, 0x0000000084b80000, 0x00000000d5580000)
  object space 77312K, 77% used [0x0000000080000000,0x0000000083a65bc0,0x0000000084b80000)
 Metaspace       used 68171K, capacity 71570K, committed 71808K, reserved 1112064K
  class space    used 9174K, capacity 9788K, committed 9856K, reserved 1048576K
Event: 4982.584 GC heap after
Heap after GC invocations=62 (full 7):
 PSYoungGen      total 172032K, used 53219K [0x00000000d5580000, 0x00000000e6200000, 0x0000000100000000)
  eden space 85504K, 0% used [0x00000000d5580000,0x00000000d5580000,0x00000000da900000)
  from space 86528K, 61% used [0x00000000da900000,0x00000000ddcf8fb0,0x00000000dfd80000)
  to   space 88064K, 0% used [0x00000000e0c00000,0x00000000e0c00000,0x00000000e6200000)
 ParOldGen       total 77312K, used 68608K [0x0000000080000000, 0x0000000084b80000, 0x00000000d5580000)
  object space 77312K, 88% used [0x0000000080000000,0x00000000843003f8,0x0000000084b80000)
 Metaspace       used 68171K, capacity 71570K, committed 71808K, reserved 1112064K
  class space    used 9174K, capacity 9788K, committed 9856K, reserved 1048576K
}

