# JRE version: Java(TM) SE Runtime Environment (8.0_11-b12) (build 1.8.0_11-b12)
# Java VM: Java HotSpot(TM) 64-Bit Server VM (25.11-b03 mixed mode windows-amd64 compressed oops)
Heap:
 PSYoungGen      total 3072K, used 703K [0x00000000d6c00000, 0x00000000d7000000, 0x0000000100000000)
  eden space 2048K, 7% used [0x00000000d6c00000,0x00000000d6c27d18,0x00000000d6e00000)
  from space 1024K, 53% used [0x00000000d6e00000,0x00000000d6e88000,0x00000000d6f00000)
  to   space 1024K, 0% used [0x00000000d6f00000,0x00000000d6f00000,0x00000000d7000000)
 ParOldGen       total 125440K, used 927K [0x0000000084400000, 0x000000008be80000, 0x00000000d6c00000)
  object space 125440K, 0% used [0x0000000084400000,0x00000000844e7f78,0x000000008be80000)
 Metaspace       used 4239K, capacity 5040K, committed 5248K, reserved 1056768K
  class space    used 501K, capacity 576K, committed 640K, reserved 1048576K
GC Heap History (10 events):
Event: 0.226 GC heap before
{Heap before GC invocations=3 (full 0):
 PSYoungGen      total 1024K, used 1008K [0x00000000d6c00000, 0x00000000d6e00000, 0x0000000100000000)
  eden space 512K, 100% used [0x00000000d6c00000,0x00000000d6c80000,0x00000000d6c80000)
  from space 512K, 96% used [0x00000000d6d00000,0x00000000d6d7c010,0x00000000d6d80000)
  to   space 512K, 0% used [0x00000000d6c80000,0x00000000d6c80000,0x00000000d6d00000)
 ParOldGen       total 125440K, used 137K [0x0000000084400000, 0x000000008be80000, 0x00000000d6c00000)
  object space 125440K, 0% used [0x0000000084400000,0x00000000844225c8,0x000000008be80000)
 Metaspace       used 3685K, capacity 4704K, committed 4864K, reserved 1056768K
  class space    used 415K, capacity 464K, committed 512K, reserved 1048576K
Event: 0.227 GC heap after
Heap after GC invocations=3 (full 0):
 PSYoungGen      total 1024K, used 512K [0x00000000d6c00000, 0x00000000d6e00000, 0x0000000100000000)
  eden space 512K, 0% used [0x00000000d6c00000,0x00000000d6c00000,0x00000000d6c80000)
  from space 512K, 100% used [0x00000000d6c80000,0x00000000d6d00000,0x00000000d6d00000)
  to   space 512K, 0% used [0x00000000d6d80000,0x00000000d6d80000,0x00000000d6e00000)
 ParOldGen       total 125440K, used 305K [0x0000000084400000, 0x000000008be80000, 0x00000000d6c00000)
  object space 125440K, 0% used [0x0000000084400000,0x000000008444c678,0x000000008be80000)
 Metaspace       used 3685K, capacity 4704K, committed 4864K, reserved 1056768K
  class space    used 415K, capacity 464K, committed 512K, reserved 1048576K
}
Event: 0.248 GC heap before
{Heap before GC invocations=4 (full 0):
 PSYoungGen      total 1024K, used 1024K [0x00000000d6c00000, 0x00000000d6e00000, 0x0000000100000000)
  eden space 512K, 100% used [0x00000000d6c00000,0x00000000d6c80000,0x00000000d6c80000)
  from space 512K, 100% used [0x00000000d6c80000,0x00000000d6d00000,0x00000000d6d00000)
  to   space 512K, 0% used [0x00000000d6d80000,0x00000000d6d80000,0x00000000d6e00000)
 ParOldGen       total 125440K, used 305K [0x0000000084400000, 0x000000008be80000, 0x00000000d6c00000)
  object space 125440K, 0% used [0x0000000084400000,0x000000008444c678,0x000000008be80000)
 Metaspace       used 3951K, capacity 4856K, committed 4992K, reserved 1056768K
  class space    used 454K, capacity 536K, committed 640K, reserved 1048576K
Event: 0.249 GC heap after
Heap after GC invocations=4 (full 0):
 PSYoungGen      total 1536K, used 512K [0x00000000d6c00000, 0x00000000d6e00000, 0x0000000100000000)
  eden space 1024K, 0% used [0x00000000d6c00000,0x00000000d6c00000,0x00000000d6d00000)
  from space 512K, 100% used [0x00000000d6d80000,0x00000000d6e00000,0x00000000d6e00000)
  to   space 512K, 0% used [0x00000000d6d00000,0x00000000d6d00000,0x00000000d6d80000)
 ParOldGen       total 125440K, used 451K [0x0000000084400000, 0x000000008be80000, 0x00000000d6c00000)
  object space 125440K, 0% used [0x0000000084400000,0x0000000084470d30,0x000000008be80000)
 Metaspace       used 3951K, capacity 4856K, committed 4992K, reserved 1056768K
  class space    used 454K, capacity 536K, committed 640K, reserved 1048576K
}
Event: 0.280 GC heap before
{Heap before GC invocations=5 (full 0):
 PSYoungGen      total 1536K, used 1536K [0x00000000d6c00000, 0x00000000d6e00000, 0x0000000100000000)
  eden space 1024K, 100% used [0x00000000d6c00000,0x00000000d6d00000,0x00000000d6d00000)
  from space 512K, 100% used [0x00000000d6d80000,0x00000000d6e00000,0x00000000d6e00000)
  to   space 512K, 0% used [0x00000000d6d00000,0x00000000d6d00000,0x00000000d6d80000)
 ParOldGen       total 125440K, used 451K [0x0000000084400000, 0x000000008be80000, 0x00000000d6c00000)
  object space 125440K, 0% used [0x0000000084400000,0x0000000084470d30,0x000000008be80000)
 Metaspace       used 4093K, capacity 4920K, committed 5248K, reserved 1056768K
  class space    used 476K, capacity 536K, committed 640K, reserved 1048576K
Event: 0.281 GC heap after
Heap after GC invocations=5 (full 0):
 PSYoungGen      total 1536K, used 480K [0x00000000d6c00000, 0x00000000d7000000, 0x0000000100000000)
  eden space 1024K, 0% used [0x00000000d6c00000,0x00000000d6c00000,0x00000000d6d00000)
  from space 512K, 93% used [0x00000000d6d00000,0x00000000d6d78020,0x00000000d6d80000)
  to   space 1024K, 0% used [0x00000000d6f00000,0x00000000d6f00000,0x00000000d7000000)
 ParOldGen       total 125440K, used 603K [0x0000000084400000, 0x000000008be80000, 0x00000000d6c00000)
  object space 125440K, 0% used [0x0000000084400000,0x0000000084496f08,0x000000008be80000)
 Metaspace       used 4093K, capacity 4920K, committed 5248K, reserved 1056768K
  class space    used 476K, capacity 536K, committed 640K, reserved 1048576K
}
Event: 0.298 GC heap before
{Heap before GC invocations=6 (full 0):
 PSYoungGen      total 1536K, used 1504K [0x00000000d6c00000, 0x00000000d7000000, 0x0000000100000000)
  eden space 1024K, 100% used [0x00000000d6c00000,0x00000000d6d00000,0x00000000d6d00000)
  from space 512K, 93% used [0x00000000d6d00000,0x00000000d6d78020,0x00000000d6d80000)
  to   space 1024K, 0% used [0x00000000d6f00000,0x00000000d6f00000,0x00000000d7000000)
 ParOldGen       total 125440K, used 603K [0x0000000084400000, 0x000000008be80000, 0x00000000d6c00000)
  object space 125440K, 0% used [0x0000000084400000,0x0000000084496f08,0x000000008be80000)
 Metaspace       used 4114K, capacity 4920K, committed 5248K, reserved 1056768K
  class space    used 476K, capacity 536K, committed 640K, reserved 1048576K
Event: 0.299 GC heap after
Heap after GC invocations=6 (full 0):
 PSYoungGen      total 3072K, used 640K [0x00000000d6c00000, 0x00000000d7000000, 0x0000000100000000)
  eden space 2048K, 0% used [0x00000000d6c00000,0x00000000d6c00000,0x00000000d6e00000)
  from space 1024K, 62% used [0x00000000d6f00000,0x00000000d6fa0020,0x00000000d7000000)
  to   space 1024K, 0% used [0x00000000d6e00000,0x00000000d6e00000,0x00000000d6f00000)
 ParOldGen       total 125440K, used 611K [0x0000000084400000, 0x000000008be80000, 0x00000000d6c00000)
  object space 125440K, 0% used [0x0000000084400000,0x0000000084498f08,0x000000008be80000)
 Metaspace       used 4114K, capacity 4920K, committed 5248K, reserved 1056768K
  class space    used 476K, capacity 536K, committed 640K, reserved 1048576K
}
Event: 0.362 GC heap before
{Heap before GC invocations=7 (full 0):
 PSYoungGen      total 3072K, used 2688K [0x00000000d6c00000, 0x00000000d7000000, 0x0000000100000000)
  eden space 2048K, 100% used [0x00000000d6c00000,0x00000000d6e00000,0x00000000d6e00000)
  from space 1024K, 62% used [0x00000000d6f00000,0x00000000d6fa0020,0x00000000d7000000)
  to   space 1024K, 0% used [0x00000000d6e00000,0x00000000d6e00000,0x00000000d6f00000)
 ParOldGen       total 125440K, used 611K [0x0000000084400000, 0x000000008be80000, 0x00000000d6c00000)
  object space 125440K, 0% used [0x0000000084400000,0x0000000084498f08,0x000000008be80000)
 Metaspace       used 4227K, capacity 5040K, committed 5248K, reserved 1056768K
  class space    used 498K, capacity 576K, committed 640K, reserved 1048576K
Event: 0.364 GC heap after
Heap after GC invocations=7 (full 0):
 PSYoungGen      total 3072K, used 544K [0x00000000d6c00000, 0x00000000d7000000, 0x0000000100000000)
  eden space 2048K, 0% used [0x00000000d6c00000,0x00000000d6c00000,0x00000000d6e00000)
  from space 1024K, 53% used [0x00000000d6e00000,0x00000000d6e88000,0x00000000d6f00000)
  to   space 1024K, 0% used [0x00000000d6f00000,0x00000000d6f00000,0x00000000d7000000)
 ParOldGen       total 125440K, used 927K [0x0000000084400000, 0x000000008be80000, 0x00000000d6c00000)
  object space 125440K, 0% used [0x0000000084400000,0x00000000844e7f78,0x000000008be80000)
 Metaspace       used 4227K, capacity 5040K, committed 5248K, reserved 1056768K
  class space    used 498K, capacity 576K, committed 640K, reserved 1048576K
}

