# JRE version: Java(TM) SE Runtime Environment (8.0_11-b12) (build 1.8.0_11-b12)
# Java VM: Java HotSpot(TM) 64-Bit Server VM (25.11-b03 mixed mode windows-amd64 compressed oops)
Heap:
 PSYoungGen      total 164352K, used 30055K [0x00000000d5580000, 0x00000000e3700000, 0x0000000100000000)
  eden space 99328K, 10% used [0x00000000d5580000,0x00000000d5f89aa8,0x00000000db680000)
  from space 65024K, 30% used [0x00000000db680000,0x00000000dc9d0410,0x00000000df600000)
  to   space 63488K, 0% used [0x00000000df900000,0x00000000df900000,0x00000000e3700000)
 ParOldGen       total 105984K, used 92504K [0x0000000080000000, 0x0000000086780000, 0x00000000d5580000)
  object space 105984K, 87% used [0x0000000080000000,0x0000000085a562d8,0x0000000086780000)
 Metaspace       used 73765K, capacity 76656K, committed 76928K, reserved 1116160K
  class space    used 9784K, capacity 10330K, committed 10368K, reserved 1048576K
GC Heap History (10 events):
Event: 16321.503 GC heap before
{Heap before GC invocations=63 (full 8):
 PSYoungGen      total 159744K, used 126698K [0x00000000d5580000, 0x00000000e3c00000, 0x0000000100000000)
  eden space 87040K, 99% used [0x00000000d5580000,0x00000000daa7fa28,0x00000000daa80000)
  from space 72704K, 54% used [0x00000000df280000,0x00000000e193b0e0,0x00000000e3980000)
  to   space 73728K, 0% used [0x00000000daa80000,0x00000000daa80000,0x00000000df280000)
 ParOldGen       total 105984K, used 86184K [0x0000000080000000, 0x0000000086780000, 0x00000000d5580000)
  object space 105984K, 81% used [0x0000000080000000,0x000000008542a2d8,0x0000000086780000)
 Metaspace       used 73320K, capacity 75962K, committed 76416K, reserved 1116160K
  class space    used 9740K, capacity 10257K, committed 10368K, reserved 1048576K
Event: 16321.601 GC heap after
Heap after GC invocations=63 (full 8):
 PSYoungGen      total 160768K, used 20099K [0x00000000d5580000, 0x00000000e3e00000, 0x0000000100000000)
  eden space 87040K, 0% used [0x00000000d5580000,0x00000000d5580000,0x00000000daa80000)
  from space 73728K, 27% used [0x00000000daa80000,0x00000000dbe20c50,0x00000000df280000)
  to   space 71680K, 0% used [0x00000000df800000,0x00000000df800000,0x00000000e3e00000)
 ParOldGen       total 105984K, used 92472K [0x0000000080000000, 0x0000000086780000, 0x00000000d5580000)
  object space 105984K, 87% used [0x0000000080000000,0x0000000085a4e2d8,0x0000000086780000)
 Metaspace       used 73320K, capacity 75962K, committed 76416K, reserved 1116160K
  class space    used 9740K, capacity 10257K, committed 10368K, reserved 1048576K
}
Event: 16323.005 GC heap before
{Heap before GC invocations=64 (full 8):
 PSYoungGen      total 160768K, used 107004K [0x00000000d5580000, 0x00000000e3e00000, 0x0000000100000000)
  eden space 87040K, 99% used [0x00000000d5580000,0x00000000daa5e3e0,0x00000000daa80000)
  from space 73728K, 27% used [0x00000000daa80000,0x00000000dbe20c50,0x00000000df280000)
  to   space 71680K, 0% used [0x00000000df800000,0x00000000df800000,0x00000000e3e00000)
 ParOldGen       total 105984K, used 92472K [0x0000000080000000, 0x0000000086780000, 0x00000000d5580000)
  object space 105984K, 87% used [0x0000000080000000,0x0000000085a4e2d8,0x0000000086780000)
 Metaspace       used 73343K, capacity 75964K, committed 76416K, reserved 1116160K
  class space    used 9741K, capacity 10258K, committed 10368K, reserved 1048576K
Event: 16323.034 GC heap after
Heap after GC invocations=64 (full 8):
 PSYoungGen      total 162304K, used 39001K [0x00000000d5580000, 0x00000000e3b00000, 0x0000000100000000)
  eden space 93696K, 0% used [0x00000000d5580000,0x00000000d5580000,0x00000000db100000)
  from space 68608K, 56% used [0x00000000df800000,0x00000000e1e166a0,0x00000000e3b00000)
  to   space 70656K, 0% used [0x00000000db100000,0x00000000db100000,0x00000000df600000)
 ParOldGen       total 105984K, used 92480K [0x0000000080000000, 0x0000000086780000, 0x00000000d5580000)
  object space 105984K, 87% used [0x0000000080000000,0x0000000085a502d8,0x0000000086780000)
 Metaspace       used 73343K, capacity 75964K, committed 76416K, reserved 1116160K
  class space    used 9741K, capacity 10258K, committed 10368K, reserved 1048576K
}
Event: 16323.307 GC heap before
{Heap before GC invocations=65 (full 8):
 PSYoungGen      total 162304K, used 131946K [0x00000000d5580000, 0x00000000e3b00000, 0x0000000100000000)
  eden space 93696K, 99% used [0x00000000d5580000,0x00000000db0441a0,0x00000000db100000)
  from space 68608K, 56% used [0x00000000df800000,0x00000000e1e166a0,0x00000000e3b00000)
  to   space 70656K, 0% used [0x00000000db100000,0x00000000db100000,0x00000000df600000)
 ParOldGen       total 105984K, used 92480K [0x0000000080000000, 0x0000000086780000, 0x00000000d5580000)
  object space 105984K, 87% used [0x0000000080000000,0x0000000085a502d8,0x0000000086780000)
 Metaspace       used 73375K, capacity 76044K, committed 76416K, reserved 1116160K
  class space    used 9744K, capacity 10262K, committed 10368K, reserved 1048576K
Event: 16323.339 GC heap after
Heap after GC invocations=65 (full 8):
 PSYoungGen      total 164352K, used 28520K [0x00000000d5580000, 0x00000000e3b80000, 0x0000000100000000)
  eden space 93696K, 0% used [0x00000000d5580000,0x00000000d5580000,0x00000000db100000)
  from space 70656K, 40% used [0x00000000db100000,0x00000000dccda0d8,0x00000000df600000)
  to   space 67584K, 0% used [0x00000000df980000,0x00000000df980000,0x00000000e3b80000)
 ParOldGen       total 105984K, used 92488K [0x0000000080000000, 0x0000000086780000, 0x00000000d5580000)
  object space 105984K, 87% used [0x0000000080000000,0x0000000085a522d8,0x0000000086780000)
 Metaspace       used 73375K, capacity 76044K, committed 76416K, reserved 1116160K
  class space    used 9744K, capacity 10262K, committed 10368K, reserved 1048576K
}
Event: 16623.429 GC heap before
{Heap before GC invocations=66 (full 8):
 PSYoungGen      total 164352K, used 122216K [0x00000000d5580000, 0x00000000e3b80000, 0x0000000100000000)
  eden space 93696K, 100% used [0x00000000d5580000,0x00000000db100000,0x00000000db100000)
  from space 70656K, 40% used [0x00000000db100000,0x00000000dccda0d8,0x00000000df600000)
  to   space 67584K, 0% used [0x00000000df980000,0x00000000df980000,0x00000000e3b80000)
 ParOldGen       total 105984K, used 92488K [0x0000000080000000, 0x0000000086780000, 0x00000000d5580000)
  object space 105984K, 87% used [0x0000000080000000,0x0000000085a522d8,0x0000000086780000)
 Metaspace       used 73495K, capacity 76176K, committed 76416K, reserved 1116160K
  class space    used 9757K, capacity 10284K, committed 10368K, reserved 1048576K
Event: 16623.469 GC heap after
Heap after GC invocations=66 (full 8):
 PSYoungGen      total 160768K, used 22705K [0x00000000d5580000, 0x00000000e3580000, 0x0000000100000000)
  eden space 99328K, 0% used [0x00000000d5580000,0x00000000d5580000,0x00000000db680000)
  from space 61440K, 36% used [0x00000000df980000,0x00000000e0fac4a0,0x00000000e3580000)
  to   space 65024K, 0% used [0x00000000db680000,0x00000000db680000,0x00000000df600000)
 ParOldGen       total 105984K, used 92496K [0x0000000080000000, 0x0000000086780000, 0x00000000d5580000)
  object space 105984K, 87% used [0x0000000080000000,0x0000000085a542d8,0x0000000086780000)
 Metaspace       used 73495K, capacity 76176K, committed 76416K, reserved 1116160K
  class space    used 9757K, capacity 10284K, committed 10368K, reserved 1048576K
}
Event: 17059.862 GC heap before
{Heap before GC invocations=67 (full 8):
 PSYoungGen      total 160768K, used 122033K [0x00000000d5580000, 0x00000000e3580000, 0x0000000100000000)
  eden space 99328K, 100% used [0x00000000d5580000,0x00000000db680000,0x00000000db680000)
  from space 61440K, 36% used [0x00000000df980000,0x00000000e0fac4a0,0x00000000e3580000)
  to   space 65024K, 0% used [0x00000000db680000,0x00000000db680000,0x00000000df600000)
 ParOldGen       total 105984K, used 92496K [0x0000000080000000, 0x0000000086780000, 0x00000000d5580000)
  object space 105984K, 87% used [0x0000000080000000,0x0000000085a542d8,0x0000000086780000)
 Metaspace       used 73693K, capacity 76520K, committed 76672K, reserved 1116160K
  class space    used 9771K, capacity 10308K, committed 10368K, reserved 1048576K
Event: 17059.888 GC heap after
Heap after GC invocations=67 (full 8):
 PSYoungGen      total 164352K, used 19777K [0x00000000d5580000, 0x00000000e3700000, 0x0000000100000000)
  eden space 99328K, 0% used [0x00000000d5580000,0x00000000d5580000,0x00000000db680000)
  from space 65024K, 30% used [0x00000000db680000,0x00000000dc9d0410,0x00000000df600000)
  to   space 63488K, 0% used [0x00000000df900000,0x00000000df900000,0x00000000e3700000)
 ParOldGen       total 105984K, used 92504K [0x0000000080000000, 0x0000000086780000, 0x00000000d5580000)
  object space 105984K, 87% used [0x0000000080000000,0x0000000085a562d8,0x0000000086780000)
 Metaspace       used 73693K, capacity 76520K, committed 76672K, reserved 1116160K
  class space    used 9771K, capacity 10308K, committed 10368K, reserved 1048576K
}

